{"/Users/jm/Documents/Code/redux-observable/redux-observable/src/App.tsx": {"path":"/Users/jm/Documents/Code/redux-observable/redux-observable/src/App.tsx","statementMap":{"0":{"start":{"line":10,"column":22},"end":{"line":21,"column":1}},"1":{"start":{"line":11,"column":2},"end":{"line":20,"column":4}}},"fnMap":{"0":{"name":"(anonymous_0)","decl":{"start":{"line":10,"column":22},"end":{"line":10,"column":23}},"loc":{"start":{"line":10,"column":28},"end":{"line":21,"column":1}},"line":10}},"branchMap":{},"s":{"0":0,"1":0},"f":{"0":0},"b":{},"hash":"b1cc6b8a9b8b06ac156196949b00c4292773354c"}
,"/Users/jm/Documents/Code/redux-observable/redux-observable/src/index.tsx": {"path":"/Users/jm/Documents/Code/redux-observable/redux-observable/src/index.tsx","statementMap":{"0":{"start":{"line":6,"column":0},"end":{"line":6,"column":58}},"1":{"start":{"line":11,"column":0},"end":{"line":11,"column":27}}},"fnMap":{},"branchMap":{},"s":{"0":0,"1":0},"f":{},"b":{},"hash":"15215739495163f0f1431721f6fec2ee48ba1191"}
,"/Users/jm/Documents/Code/redux-observable/redux-observable/src/serviceWorker.ts": {"path":"/Users/jm/Documents/Code/redux-observable/redux-observable/src/serviceWorker.ts","statementMap":{"0":{"start":{"line":13,"column":20},"end":{"line":21,"column":1}},"1":{"start":{"line":29,"column":2},"end":{"line":62,"column":3}},"2":{"start":{"line":31,"column":22},"end":{"line":34,"column":5}},"3":{"start":{"line":35,"column":4},"end":{"line":40,"column":5}},"4":{"start":{"line":39,"column":6},"end":{"line":39,"column":13}},"5":{"start":{"line":42,"column":4},"end":{"line":61,"column":7}},"6":{"start":{"line":43,"column":20},"end":{"line":43,"column":65}},"7":{"start":{"line":45,"column":6},"end":{"line":60,"column":7}},"8":{"start":{"line":47,"column":8},"end":{"line":47,"column":47}},"9":{"start":{"line":51,"column":8},"end":{"line":56,"column":11}},"10":{"start":{"line":52,"column":10},"end":{"line":55,"column":12}},"11":{"start":{"line":59,"column":8},"end":{"line":59,"column":39}},"12":{"start":{"line":66,"column":2},"end":{"line":106,"column":7}},"13":{"start":{"line":69,"column":6},"end":{"line":102,"column":8}},"14":{"start":{"line":70,"column":33},"end":{"line":70,"column":56}},"15":{"start":{"line":71,"column":8},"end":{"line":73,"column":9}},"16":{"start":{"line":72,"column":10},"end":{"line":72,"column":17}},"17":{"start":{"line":74,"column":8},"end":{"line":101,"column":10}},"18":{"start":{"line":75,"column":10},"end":{"line":100,"column":11}},"19":{"start":{"line":76,"column":12},"end":{"line":99,"column":13}},"20":{"start":{"line":80,"column":14},"end":{"line":83,"column":16}},"21":{"start":{"line":86,"column":14},"end":{"line":88,"column":15}},"22":{"start":{"line":87,"column":16},"end":{"line":87,"column":46}},"23":{"start":{"line":93,"column":14},"end":{"line":93,"column":64}},"24":{"start":{"line":96,"column":14},"end":{"line":98,"column":15}},"25":{"start":{"line":97,"column":16},"end":{"line":97,"column":47}},"26":{"start":{"line":105,"column":6},"end":{"line":105,"column":72}},"27":{"start":{"line":111,"column":2},"end":{"line":136,"column":7}},"28":{"start":{"line":116,"column":26},"end":{"line":116,"column":62}},"29":{"start":{"line":117,"column":6},"end":{"line":130,"column":7}},"30":{"start":{"line":122,"column":8},"end":{"line":126,"column":11}},"31":{"start":{"line":123,"column":10},"end":{"line":125,"column":13}},"32":{"start":{"line":124,"column":12},"end":{"line":124,"column":37}},"33":{"start":{"line":129,"column":8},"end":{"line":129,"column":39}},"34":{"start":{"line":133,"column":6},"end":{"line":135,"column":8}},"35":{"start":{"line":140,"column":2},"end":{"line":144,"column":3}},"36":{"start":{"line":141,"column":4},"end":{"line":143,"column":7}},"37":{"start":{"line":142,"column":6},"end":{"line":142,"column":32}}},"fnMap":{"0":{"name":"register","decl":{"start":{"line":28,"column":16},"end":{"line":28,"column":24}},"loc":{"start":{"line":28,"column":42},"end":{"line":63,"column":1}},"line":28},"1":{"name":"(anonymous_1)","decl":{"start":{"line":42,"column":36},"end":{"line":42,"column":37}},"loc":{"start":{"line":42,"column":42},"end":{"line":61,"column":5}},"line":42},"2":{"name":"(anonymous_2)","decl":{"start":{"line":51,"column":43},"end":{"line":51,"column":44}},"loc":{"start":{"line":51,"column":49},"end":{"line":56,"column":9}},"line":51},"3":{"name":"registerValidSW","decl":{"start":{"line":65,"column":9},"end":{"line":65,"column":24}},"loc":{"start":{"line":65,"column":57},"end":{"line":107,"column":1}},"line":65},"4":{"name":"(anonymous_4)","decl":{"start":{"line":68,"column":10},"end":{"line":68,"column":11}},"loc":{"start":{"line":68,"column":26},"end":{"line":103,"column":5}},"line":68},"5":{"name":"(anonymous_5)","decl":{"start":{"line":69,"column":35},"end":{"line":69,"column":36}},"loc":{"start":{"line":69,"column":41},"end":{"line":102,"column":7}},"line":69},"6":{"name":"(anonymous_6)","decl":{"start":{"line":74,"column":41},"end":{"line":74,"column":42}},"loc":{"start":{"line":74,"column":47},"end":{"line":101,"column":9}},"line":74},"7":{"name":"(anonymous_7)","decl":{"start":{"line":104,"column":11},"end":{"line":104,"column":12}},"loc":{"start":{"line":104,"column":20},"end":{"line":106,"column":5}},"line":104},"8":{"name":"checkValidServiceWorker","decl":{"start":{"line":109,"column":9},"end":{"line":109,"column":32}},"loc":{"start":{"line":109,"column":65},"end":{"line":137,"column":1}},"line":109},"9":{"name":"(anonymous_9)","decl":{"start":{"line":114,"column":10},"end":{"line":114,"column":11}},"loc":{"start":{"line":114,"column":22},"end":{"line":131,"column":5}},"line":114},"10":{"name":"(anonymous_10)","decl":{"start":{"line":122,"column":43},"end":{"line":122,"column":44}},"loc":{"start":{"line":122,"column":59},"end":{"line":126,"column":9}},"line":122},"11":{"name":"(anonymous_11)","decl":{"start":{"line":123,"column":41},"end":{"line":123,"column":42}},"loc":{"start":{"line":123,"column":47},"end":{"line":125,"column":11}},"line":123},"12":{"name":"(anonymous_12)","decl":{"start":{"line":132,"column":11},"end":{"line":132,"column":12}},"loc":{"start":{"line":132,"column":17},"end":{"line":136,"column":5}},"line":132},"13":{"name":"unregister","decl":{"start":{"line":139,"column":16},"end":{"line":139,"column":26}},"loc":{"start":{"line":139,"column":29},"end":{"line":145,"column":1}},"line":139},"14":{"name":"(anonymous_14)","decl":{"start":{"line":141,"column":39},"end":{"line":141,"column":40}},"loc":{"start":{"line":141,"column":55},"end":{"line":143,"column":5}},"line":141}},"branchMap":{"0":{"loc":{"start":{"line":14,"column":2},"end":{"line":20,"column":5}},"type":"binary-expr","locations":[{"start":{"line":14,"column":2},"end":{"line":14,"column":42}},{"start":{"line":16,"column":4},"end":{"line":16,"column":40}},{"start":{"line":18,"column":4},"end":{"line":20,"column":5}}],"line":14},"1":{"loc":{"start":{"line":29,"column":2},"end":{"line":62,"column":3}},"type":"if","locations":[{"start":{"line":29,"column":2},"end":{"line":62,"column":3}},{"start":{"line":29,"column":2},"end":{"line":62,"column":3}}],"line":29},"2":{"loc":{"start":{"line":29,"column":6},"end":{"line":29,"column":75}},"type":"binary-expr","locations":[{"start":{"line":29,"column":6},"end":{"line":29,"column":43}},{"start":{"line":29,"column":47},"end":{"line":29,"column":75}}],"line":29},"3":{"loc":{"start":{"line":35,"column":4},"end":{"line":40,"column":5}},"type":"if","locations":[{"start":{"line":35,"column":4},"end":{"line":40,"column":5}},{"start":{"line":35,"column":4},"end":{"line":40,"column":5}}],"line":35},"4":{"loc":{"start":{"line":45,"column":6},"end":{"line":60,"column":7}},"type":"if","locations":[{"start":{"line":45,"column":6},"end":{"line":60,"column":7}},{"start":{"line":45,"column":6},"end":{"line":60,"column":7}}],"line":45},"5":{"loc":{"start":{"line":71,"column":8},"end":{"line":73,"column":9}},"type":"if","locations":[{"start":{"line":71,"column":8},"end":{"line":73,"column":9}},{"start":{"line":71,"column":8},"end":{"line":73,"column":9}}],"line":71},"6":{"loc":{"start":{"line":75,"column":10},"end":{"line":100,"column":11}},"type":"if","locations":[{"start":{"line":75,"column":10},"end":{"line":100,"column":11}},{"start":{"line":75,"column":10},"end":{"line":100,"column":11}}],"line":75},"7":{"loc":{"start":{"line":76,"column":12},"end":{"line":99,"column":13}},"type":"if","locations":[{"start":{"line":76,"column":12},"end":{"line":99,"column":13}},{"start":{"line":76,"column":12},"end":{"line":99,"column":13}}],"line":76},"8":{"loc":{"start":{"line":86,"column":14},"end":{"line":88,"column":15}},"type":"if","locations":[{"start":{"line":86,"column":14},"end":{"line":88,"column":15}},{"start":{"line":86,"column":14},"end":{"line":88,"column":15}}],"line":86},"9":{"loc":{"start":{"line":86,"column":18},"end":{"line":86,"column":43}},"type":"binary-expr","locations":[{"start":{"line":86,"column":18},"end":{"line":86,"column":24}},{"start":{"line":86,"column":28},"end":{"line":86,"column":43}}],"line":86},"10":{"loc":{"start":{"line":96,"column":14},"end":{"line":98,"column":15}},"type":"if","locations":[{"start":{"line":96,"column":14},"end":{"line":98,"column":15}},{"start":{"line":96,"column":14},"end":{"line":98,"column":15}}],"line":96},"11":{"loc":{"start":{"line":96,"column":18},"end":{"line":96,"column":44}},"type":"binary-expr","locations":[{"start":{"line":96,"column":18},"end":{"line":96,"column":24}},{"start":{"line":96,"column":28},"end":{"line":96,"column":44}}],"line":96},"12":{"loc":{"start":{"line":117,"column":6},"end":{"line":130,"column":7}},"type":"if","locations":[{"start":{"line":117,"column":6},"end":{"line":130,"column":7}},{"start":{"line":117,"column":6},"end":{"line":130,"column":7}}],"line":117},"13":{"loc":{"start":{"line":118,"column":8},"end":{"line":119,"column":73}},"type":"binary-expr","locations":[{"start":{"line":118,"column":8},"end":{"line":118,"column":31}},{"start":{"line":119,"column":9},"end":{"line":119,"column":28}},{"start":{"line":119,"column":32},"end":{"line":119,"column":72}}],"line":118},"14":{"loc":{"start":{"line":140,"column":2},"end":{"line":144,"column":3}},"type":"if","locations":[{"start":{"line":140,"column":2},"end":{"line":144,"column":3}},{"start":{"line":140,"column":2},"end":{"line":144,"column":3}}],"line":140}},"s":{"0":0,"1":0,"2":0,"3":0,"4":0,"5":0,"6":0,"7":0,"8":0,"9":0,"10":0,"11":0,"12":0,"13":0,"14":0,"15":0,"16":0,"17":0,"18":0,"19":0,"20":0,"21":0,"22":0,"23":0,"24":0,"25":0,"26":0,"27":0,"28":0,"29":0,"30":0,"31":0,"32":0,"33":0,"34":0,"35":0,"36":0,"37":0},"f":{"0":0,"1":0,"2":0,"3":0,"4":0,"5":0,"6":0,"7":0,"8":0,"9":0,"10":0,"11":0,"12":0,"13":0,"14":0},"b":{"0":[0,0,0],"1":[0,0],"2":[0,0],"3":[0,0],"4":[0,0],"5":[0,0],"6":[0,0],"7":[0,0],"8":[0,0],"9":[0,0],"10":[0,0],"11":[0,0],"12":[0,0],"13":[0,0,0],"14":[0,0]},"hash":"ba7430a533a789a4ff9fd3c662d4d195be891905"}
,"/Users/jm/Documents/Code/redux-observable/redux-observable/src/DummyTextRequestButton/DummyTextRequestButton.tsx": {"path":"/Users/jm/Documents/Code/redux-observable/redux-observable/src/DummyTextRequestButton/DummyTextRequestButton.tsx","statementMap":{"0":{"start":{"line":6,"column":35},"end":{"line":21,"column":1}},"1":{"start":{"line":7,"column":29},"end":{"line":7,"column":42}},"2":{"start":{"line":9,"column":22},"end":{"line":11,"column":3}},"3":{"start":{"line":10,"column":4},"end":{"line":10,"column":33}},"4":{"start":{"line":13,"column":2},"end":{"line":20,"column":3}}},"fnMap":{"0":{"name":"(anonymous_0)","decl":{"start":{"line":6,"column":35},"end":{"line":6,"column":36}},"loc":{"start":{"line":6,"column":41},"end":{"line":21,"column":1}},"line":6},"1":{"name":"(anonymous_1)","decl":{"start":{"line":9,"column":22},"end":{"line":9,"column":23}},"loc":{"start":{"line":9,"column":34},"end":{"line":11,"column":3}},"line":9}},"branchMap":{},"s":{"0":0,"1":0,"2":0,"3":0,"4":0},"f":{"0":0,"1":0},"b":{},"hash":"15084b082d89b676fcf835ea804868dbc7af847b"}
,"/Users/jm/Documents/Code/redux-observable/redux-observable/src/DummyTextViewer/DummyTextViewer.tsx": {"path":"/Users/jm/Documents/Code/redux-observable/redux-observable/src/DummyTextViewer/DummyTextViewer.tsx","statementMap":{"0":{"start":{"line":6,"column":28},"end":{"line":26,"column":1}},"1":{"start":{"line":11,"column":17},"end":{"line":11,"column":57}},"2":{"start":{"line":11,"column":51},"end":{"line":11,"column":56}},"3":{"start":{"line":13,"column":32},"end":{"line":16,"column":5}},"4":{"start":{"line":18,"column":44},"end":{"line":19,"column":36}},"5":{"start":{"line":21,"column":2},"end":{"line":25,"column":3}}},"fnMap":{"0":{"name":"(anonymous_0)","decl":{"start":{"line":6,"column":28},"end":{"line":6,"column":29}},"loc":{"start":{"line":6,"column":34},"end":{"line":26,"column":1}},"line":6},"1":{"name":"(anonymous_1)","decl":{"start":{"line":11,"column":29},"end":{"line":11,"column":30}},"loc":{"start":{"line":11,"column":51},"end":{"line":11,"column":56}},"line":11}},"branchMap":{"0":{"loc":{"start":{"line":13,"column":32},"end":{"line":16,"column":5}},"type":"cond-expr","locations":[{"start":{"line":14,"column":4},"end":{"line":14,"column":35}},{"start":{"line":15,"column":6},"end":{"line":15,"column":42}}],"line":13},"1":{"loc":{"start":{"line":15,"column":6},"end":{"line":15,"column":42}},"type":"cond-expr","locations":[{"start":{"line":15,"column":22},"end":{"line":15,"column":26}},{"start":{"line":15,"column":29},"end":{"line":15,"column":42}}],"line":15},"2":{"loc":{"start":{"line":18,"column":44},"end":{"line":19,"column":36}},"type":"cond-expr","locations":[{"start":{"line":19,"column":5},"end":{"line":19,"column":22}},{"start":{"line":19,"column":26},"end":{"line":19,"column":36}}],"line":18},"3":{"loc":{"start":{"line":18,"column":44},"end":{"line":18,"column":71}},"type":"binary-expr","locations":[{"start":{"line":18,"column":44},"end":{"line":18,"column":53}},{"start":{"line":18,"column":57},"end":{"line":18,"column":71}}],"line":18}},"s":{"0":0,"1":0,"2":0,"3":0,"4":0,"5":0},"f":{"0":0,"1":0},"b":{"0":[0,0],"1":[0,0],"2":[0,0],"3":[0,0]},"hash":"55dff59914d0f8822bb458462f4d9d18c94113c6"}
,"/Users/jm/Documents/Code/redux-observable/redux-observable/src/HiTextViewer/HiTextViewer.tsx": {"path":"/Users/jm/Documents/Code/redux-observable/redux-observable/src/HiTextViewer/HiTextViewer.tsx","statementMap":{"0":{"start":{"line":5,"column":25},"end":{"line":17,"column":1}},"1":{"start":{"line":7,"column":4},"end":{"line":7,"column":69}},"2":{"start":{"line":7,"column":38},"end":{"line":7,"column":68}},"3":{"start":{"line":10,"column":2},"end":{"line":14,"column":8}},"4":{"start":{"line":16,"column":2},"end":{"line":16,"column":25}}},"fnMap":{"0":{"name":"(anonymous_0)","decl":{"start":{"line":5,"column":25},"end":{"line":5,"column":26}},"loc":{"start":{"line":5,"column":31},"end":{"line":17,"column":1}},"line":5},"1":{"name":"(anonymous_1)","decl":{"start":{"line":7,"column":16},"end":{"line":7,"column":17}},"loc":{"start":{"line":7,"column":38},"end":{"line":7,"column":68}},"line":7}},"branchMap":{"0":{"loc":{"start":{"line":10,"column":2},"end":{"line":14,"column":8}},"type":"cond-expr","locations":[{"start":{"line":11,"column":5},"end":{"line":13,"column":14}},{"start":{"line":14,"column":4},"end":{"line":14,"column":8}}],"line":10}},"s":{"0":0,"1":0,"2":0,"3":0,"4":0},"f":{"0":0,"1":0},"b":{"0":[0,0]},"hash":"ab9b6b07833338f71e5004f1edec836038c5ddd4"}
,"/Users/jm/Documents/Code/redux-observable/redux-observable/src/ShowHiTextButton/ShowHiTextButton.tsx": {"path":"/Users/jm/Documents/Code/redux-observable/redux-observable/src/ShowHiTextButton/ShowHiTextButton.tsx","statementMap":{"0":{"start":{"line":7,"column":29},"end":{"line":24,"column":1}},"1":{"start":{"line":8,"column":29},"end":{"line":8,"column":42}},"2":{"start":{"line":10,"column":4},"end":{"line":10,"column":69}},"3":{"start":{"line":10,"column":38},"end":{"line":10,"column":68}},"4":{"start":{"line":12,"column":22},"end":{"line":12,"column":52}},"5":{"start":{"line":12,"column":28},"end":{"line":12,"column":52}},"6":{"start":{"line":14,"column":28},"end":{"line":14,"column":90}},"7":{"start":{"line":16,"column":2},"end":{"line":23,"column":3}}},"fnMap":{"0":{"name":"(anonymous_0)","decl":{"start":{"line":7,"column":29},"end":{"line":7,"column":30}},"loc":{"start":{"line":7,"column":35},"end":{"line":24,"column":1}},"line":7},"1":{"name":"(anonymous_1)","decl":{"start":{"line":10,"column":16},"end":{"line":10,"column":17}},"loc":{"start":{"line":10,"column":38},"end":{"line":10,"column":68}},"line":10},"2":{"name":"(anonymous_2)","decl":{"start":{"line":12,"column":22},"end":{"line":12,"column":23}},"loc":{"start":{"line":12,"column":28},"end":{"line":12,"column":52}},"line":12}},"branchMap":{"0":{"loc":{"start":{"line":14,"column":45},"end":{"line":14,"column":76}},"type":"cond-expr","locations":[{"start":{"line":14,"column":61},"end":{"line":14,"column":67}},{"start":{"line":14,"column":70},"end":{"line":14,"column":76}}],"line":14}},"s":{"0":0,"1":0,"2":0,"3":0,"4":0,"5":0,"6":0,"7":0},"f":{"0":0,"1":0,"2":0},"b":{"0":[0,0]},"hash":"715bfa9c9aea1b6731d11c2efd4d74342690d340"}
,"/Users/jm/Documents/Code/redux-observable/redux-observable/src/redux/actions.ts": {"path":"/Users/jm/Documents/Code/redux-observable/redux-observable/src/redux/actions.ts","statementMap":{"0":{"start":{"line":6,"column":62},"end":{"line":8,"column":2}},"1":{"start":{"line":6,"column":69},"end":{"line":8,"column":1}},"2":{"start":{"line":14,"column":76},"end":{"line":17,"column":2}},"3":{"start":{"line":14,"column":87},"end":{"line":17,"column":1}},"4":{"start":{"line":23,"column":78},"end":{"line":26,"column":2}},"5":{"start":{"line":23,"column":93},"end":{"line":26,"column":1}},"6":{"start":{"line":30,"column":54},"end":{"line":32,"column":2}},"7":{"start":{"line":30,"column":61},"end":{"line":32,"column":1}}},"fnMap":{"0":{"name":"(anonymous_0)","decl":{"start":{"line":6,"column":62},"end":{"line":6,"column":63}},"loc":{"start":{"line":6,"column":69},"end":{"line":8,"column":1}},"line":6},"1":{"name":"(anonymous_1)","decl":{"start":{"line":14,"column":76},"end":{"line":14,"column":77}},"loc":{"start":{"line":14,"column":87},"end":{"line":17,"column":1}},"line":14},"2":{"name":"(anonymous_2)","decl":{"start":{"line":23,"column":78},"end":{"line":23,"column":79}},"loc":{"start":{"line":23,"column":93},"end":{"line":26,"column":1}},"line":23},"3":{"name":"(anonymous_3)","decl":{"start":{"line":30,"column":54},"end":{"line":30,"column":55}},"loc":{"start":{"line":30,"column":61},"end":{"line":32,"column":1}},"line":30}},"branchMap":{},"s":{"0":1,"1":0,"2":1,"3":2,"4":1,"5":1,"6":1,"7":0},"f":{"0":0,"1":2,"2":1,"3":0},"b":{},"_coverageSchema":"43e27e138ebf9cfc5966b082cf9a028302ed4184","hash":"2e9b29239eb850d8d34d2a0714ed54077dd6bd6b"}
,"/Users/jm/Documents/Code/redux-observable/redux-observable/src/redux/constants.ts": {"path":"/Users/jm/Documents/Code/redux-observable/redux-observable/src/redux/constants.ts","statementMap":{},"fnMap":{},"branchMap":{},"s":{},"f":{},"b":{},"_coverageSchema":"43e27e138ebf9cfc5966b082cf9a028302ed4184","hash":"6f169ce65153f6e60a432e6982742b49751ac93d"}
,"/Users/jm/Documents/Code/redux-observable/redux-observable/src/redux/epic-test-util.ts": {"path":"/Users/jm/Documents/Code/redux-observable/redux-observable/src/redux/epic-test-util.ts","statementMap":{"0":{"start":{"line":24,"column":23},"end":{"line":24,"column":94}},"1":{"start":{"line":25,"column":17},"end":{"line":25,"column":72}},"2":{"start":{"line":27,"column":50},"end":{"line":27,"column":113}},"3":{"start":{"line":28,"column":48},"end":{"line":28,"column":96}},"4":{"start":{"line":30,"column":2},"end":{"line":30,"column":54}},"5":{"start":{"line":31,"column":2},"end":{"line":31,"column":9}}},"fnMap":{"0":{"name":"runEpicTest","decl":{"start":{"line":17,"column":22},"end":{"line":17,"column":33}},"loc":{"start":{"line":23,"column":56},"end":{"line":32,"column":1}},"line":23}},"branchMap":{},"s":{"0":3,"1":3,"2":3,"3":3,"4":3,"5":3},"f":{"0":3},"b":{},"_coverageSchema":"43e27e138ebf9cfc5966b082cf9a028302ed4184","hash":"88fc533ce092dd77f556122b3317926e81093e2f"}
,"/Users/jm/Documents/Code/redux-observable/redux-observable/src/redux/epics.ts": {"path":"/Users/jm/Documents/Code/redux-observable/redux-observable/src/redux/epics.ts","statementMap":{"0":{"start":{"line":10,"column":77},"end":{"line":37,"column":3}},"1":{"start":{"line":11,"column":2},"end":{"line":37,"column":3}},"2":{"start":{"line":14,"column":34},"end":{"line":14,"column":83}},"3":{"start":{"line":17,"column":8},"end":{"line":26,"column":9}},"4":{"start":{"line":20,"column":14},"end":{"line":23,"column":17}},"5":{"start":{"line":22,"column":45},"end":{"line":22,"column":74}},"6":{"start":{"line":25,"column":39},"end":{"line":25,"column":76}},"7":{"start":{"line":28,"column":68},"end":{"line":33,"column":7}},"8":{"start":{"line":30,"column":21},"end":{"line":30,"column":58}},"9":{"start":{"line":31,"column":18},"end":{"line":31,"column":41}},"10":{"start":{"line":35,"column":6},"end":{"line":35,"column":48}},"11":{"start":{"line":39,"column":58},"end":{"line":41,"column":1}}},"fnMap":{"0":{"name":"(anonymous_0)","decl":{"start":{"line":10,"column":77},"end":{"line":10,"column":78}},"loc":{"start":{"line":11,"column":2},"end":{"line":37,"column":3}},"line":11},"1":{"name":"(anonymous_1)","decl":{"start":{"line":13,"column":14},"end":{"line":13,"column":15}},"loc":{"start":{"line":13,"column":20},"end":{"line":36,"column":5}},"line":13},"2":{"name":"(anonymous_2)","decl":{"start":{"line":19,"column":12},"end":{"line":19,"column":13}},"loc":{"start":{"line":20,"column":14},"end":{"line":23,"column":17}},"line":20},"3":{"name":"(anonymous_3)","decl":{"start":{"line":22,"column":27},"end":{"line":22,"column":28}},"loc":{"start":{"line":22,"column":45},"end":{"line":22,"column":74}},"line":22},"4":{"name":"(anonymous_4)","decl":{"start":{"line":25,"column":21},"end":{"line":25,"column":22}},"loc":{"start":{"line":25,"column":39},"end":{"line":25,"column":76}},"line":25},"5":{"name":"(anonymous_5)","decl":{"start":{"line":30,"column":15},"end":{"line":30,"column":16}},"loc":{"start":{"line":30,"column":21},"end":{"line":30,"column":58}},"line":30},"6":{"name":"(anonymous_6)","decl":{"start":{"line":31,"column":12},"end":{"line":31,"column":13}},"loc":{"start":{"line":31,"column":18},"end":{"line":31,"column":41}},"line":31}},"branchMap":{},"s":{"0":1,"1":3,"2":3,"3":3,"4":2,"5":1,"6":1,"7":3,"8":1,"9":1,"10":3,"11":1},"f":{"0":3,"1":3,"2":2,"3":1,"4":1,"5":1,"6":1},"b":{},"_coverageSchema":"43e27e138ebf9cfc5966b082cf9a028302ed4184","hash":"9c16c2b68202b8c94e04dd98c2484e53f55c39bf"}
,"/Users/jm/Documents/Code/redux-observable/redux-observable/src/redux/reducer.ts": {"path":"/Users/jm/Documents/Code/redux-observable/redux-observable/src/redux/reducer.ts","statementMap":{"0":{"start":{"line":8,"column":2},"end":{"line":36,"column":3}},"1":{"start":{"line":9,"column":4},"end":{"line":35,"column":5}},"2":{"start":{"line":11,"column":8},"end":{"line":15,"column":10}},"3":{"start":{"line":17,"column":8},"end":{"line":21,"column":10}},"4":{"start":{"line":23,"column":8},"end":{"line":27,"column":10}},"5":{"start":{"line":29,"column":8},"end":{"line":32,"column":9}},"6":{"start":{"line":34,"column":8},"end":{"line":34,"column":21}},"7":{"start":{"line":38,"column":37},"end":{"line":40,"column":2}}},"fnMap":{"0":{"name":"(anonymous_0)","decl":{"start":{"line":8,"column":2},"end":{"line":8,"column":3}},"loc":{"start":{"line":8,"column":66},"end":{"line":36,"column":3}},"line":8}},"branchMap":{"0":{"loc":{"start":{"line":8,"column":3},"end":{"line":8,"column":53}},"type":"default-arg","locations":[{"start":{"line":8,"column":11},"end":{"line":8,"column":53}}],"line":8},"1":{"loc":{"start":{"line":9,"column":4},"end":{"line":35,"column":5}},"type":"switch","locations":[{"start":{"line":10,"column":6},"end":{"line":15,"column":10}},{"start":{"line":16,"column":6},"end":{"line":21,"column":10}},{"start":{"line":22,"column":6},"end":{"line":27,"column":10}},{"start":{"line":28,"column":6},"end":{"line":32,"column":9}},{"start":{"line":33,"column":6},"end":{"line":34,"column":21}}],"line":9}},"s":{"0":0,"1":0,"2":0,"3":0,"4":0,"5":0,"6":0,"7":0},"f":{"0":0},"b":{"0":[0],"1":[0,0,0,0,0]},"hash":"ef795bcb84648a73112d7b620d4c11782e0350dd"}
,"/Users/jm/Documents/Code/redux-observable/redux-observable/src/redux/store.ts": {"path":"/Users/jm/Documents/Code/redux-observable/redux-observable/src/redux/store.ts","statementMap":{"0":{"start":{"line":9,"column":23},"end":{"line":9,"column":45}},"1":{"start":{"line":11,"column":25},"end":{"line":13,"column":2}},"2":{"start":{"line":15,"column":36},"end":{"line":15,"column":94}},"3":{"start":{"line":17,"column":14},"end":{"line":25,"column":1}},"4":{"start":{"line":27,"column":0},"end":{"line":27,"column":66}}},"fnMap":{},"branchMap":{},"s":{"0":0,"1":0,"2":0,"3":0,"4":0},"f":{},"b":{},"hash":"b0907bbe6f7793039f262d1f1231659d68d234ef"}
,"/Users/jm/Documents/Code/redux-observable/redux-observable/src/redux/types.ts": {"path":"/Users/jm/Documents/Code/redux-observable/redux-observable/src/redux/types.ts","statementMap":{},"fnMap":{},"branchMap":{},"s":{},"f":{},"b":{},"hash":"f9cc6ea88b6dd8afb189301193580a0aad36ac8a"}
}
